2023-04-24T15:43:51+00:00 CRITICAL Uncaught Error: Call to undefined method WC_Shipping_Zones::get_zone_by_instance_id() in D:\OpenServer\domains\Woo\wp-content\plugins\eduplugin\eduplugin.php:144
Stack trace:
#0 D:\OpenServer\domains\Woo\wp-includes\class-wp-hook.php(308): custom_shipping_fee()
#1 D:\OpenServer\domains\Woo\wp-includes\class-wp-hook.php(332): WP_Hook->apply_filters()
#2 D:\OpenServer\domains\Woo\wp-includes\plugin.php(517): WP_Hook->do_action()
#3 D:\OpenServer\domains\Woo\wp-content\plugins\woocommerce\includes\class-wc-cart.php(1888): do_action()
#4 D:\OpenServer\domains\Woo\wp-content\plugins\woocommerce\includes\class-wc-cart-totals.php(272): WC_Cart->calculate_fees()
#5 D:\OpenServer\domains\Woo\wp-content\plugins\woocommerce\includes\class-wc-cart-totals.php(833): WC_Cart_Totals->get_fees_from_cart()
#6 D:\OpenServer\domains\Woo\wp-content\plugins\woocommerce\includes\class-wc-cart-totals.php(145): WC_Cart_Totals->calculate_fee_totals()
#7 D:\OpenServer\domains\Woo\wp-content\plugins\woocommerce\includes\class-wc-cart-totals.php(134): WC_Cart_Totals->calculate()
#8 D:\OpenServer\domains\Woo\wp-content\plugins\woocommerce\includes\class-wc-cart.php(1401): WC_Cart_Totals->__construct()
#9 D:\OpenServer\domains\Woo\wp-content\plugins\woocommerce\includes\shortcodes\class-wc-shortcode-checkout.php(298): WC_Cart->calculate_totals()
#10 D:\OpenServer\domains\Woo\wp-content\plugins\woocommerce\includes\shortcodes\class-wc-shortcode-checkout.php(67): WC_Shortcode_Checkout::checkout()
#11 D:\OpenServer\domains\Woo\wp-content\plugins\woocommerce\includes\class-wc-shortcodes.php(72): WC_Shortcode_Checkout::output()
#12 D:\OpenServer\domains\Woo\wp-content\plugins\woocommerce\includes\class-wc-shortcodes.php(95): WC_Shortcodes::shortcode_wrapper()
#13 D:\OpenServer\domains\Woo\wp-includes\shortcodes.php(355): WC_Shortcodes::checkout()
#14 [internal function]: do_shortcode_tag()
#15 D:\OpenServer\domains\Woo\wp-includes\shortcodes.php(227): preg_replace_callback()
#16 D:\OpenServer\domains\Woo\wp-includes\class-wp-hook.php(308): do_shortcode()
#17 D:\OpenServer\domains\Woo\wp-includes\plugin.php(205): WP_Hook->apply_filters()
#18 D:\OpenServer\domains\Woo\wp-includes\post-template.php(255): apply_filters()
#19 D:\OpenServer\domains\Woo\wp-content\themes\neve\inc\views\page_layout.php(29): the_content()
#20 D:\OpenServer\domains\Woo\wp-includes\class-wp-hook.php(308): Neve\Views\Page_Layout->render_page()
#21 D:\OpenServer\domains\Woo\wp-includes\class-wp-hook.php(332): WP_Hook->apply_filters()
#22 D:\OpenServer\domains\Woo\wp-includes\plugin.php(517): WP_Hook->do_action()
#23 D:\OpenServer\domains\Woo\wp-content\themes\neve\template-parts\content-page.php(9): do_action()
#24 D:\OpenServer\domains\Woo\wp-includes\template.php(785): require('D:\\OpenServer\\d...')
#25 D:\OpenServer\domains\Woo\wp-includes\template.php(718): load_template()
#26 D:\OpenServer\domains\Woo\wp-includes\general-template.php(204): locate_template()
#27 D:\OpenServer\domains\Woo\wp-content\themes\neve\page.php(47): get_template_part()
#28 D:\OpenServer\domains\Woo\wp-includes\template-loader.php(106): include('D:\\OpenServer\\d...')
#29 D:\OpenServer\domains\Woo\wp-blog-header.php(19): require_once('D:\\OpenServer\\d...')
#30 D:\OpenServer\domains\Woo\index.php(17): require('D:\\OpenServer\\d...')
#31 {main}
  thrown in D:\OpenServer\domains\Woo\wp-content\plugins\eduplugin\eduplugin.php on line 144

2023-04-24T15:44:02+00:00 CRITICAL Uncaught Error: Call to undefined method WC_Shipping_Zones::get_zone_by_instance_id() in D:\OpenServer\domains\Woo\wp-content\plugins\eduplugin\eduplugin.php:144
Stack trace:
#0 D:\OpenServer\domains\Woo\wp-includes\class-wp-hook.php(308): custom_shipping_fee()
#1 D:\OpenServer\domains\Woo\wp-includes\class-wp-hook.php(332): WP_Hook->apply_filters()
#2 D:\OpenServer\domains\Woo\wp-includes\plugin.php(517): WP_Hook->do_action()
#3 D:\OpenServer\domains\Woo\wp-content\plugins\woocommerce\includes\class-wc-cart.php(1888): do_action()
#4 D:\OpenServer\domains\Woo\wp-content\plugins\woocommerce\includes\class-wc-cart-totals.php(272): WC_Cart->calculate_fees()
#5 D:\OpenServer\domains\Woo\wp-content\plugins\woocommerce\includes\class-wc-cart-totals.php(833): WC_Cart_Totals->get_fees_from_cart()
#6 D:\OpenServer\domains\Woo\wp-content\plugins\woocommerce\includes\class-wc-cart-totals.php(145): WC_Cart_Totals->calculate_fee_totals()
#7 D:\OpenServer\domains\Woo\wp-content\plugins\woocommerce\includes\class-wc-cart-totals.php(134): WC_Cart_Totals->calculate()
#8 D:\OpenServer\domains\Woo\wp-content\plugins\woocommerce\includes\class-wc-cart.php(1401): WC_Cart_Totals->__construct()
#9 D:\OpenServer\domains\Woo\wp-content\plugins\woocommerce\includes\shortcodes\class-wc-shortcode-checkout.php(298): WC_Cart->calculate_totals()
#10 D:\OpenServer\domains\Woo\wp-content\plugins\woocommerce\includes\shortcodes\class-wc-shortcode-checkout.php(67): WC_Shortcode_Checkout::checkout()
#11 D:\OpenServer\domains\Woo\wp-content\plugins\woocommerce\includes\class-wc-shortcodes.php(72): WC_Shortcode_Checkout::output()
#12 D:\OpenServer\domains\Woo\wp-content\plugins\woocommerce\includes\class-wc-shortcodes.php(95): WC_Shortcodes::shortcode_wrapper()
#13 D:\OpenServer\domains\Woo\wp-includes\shortcodes.php(355): WC_Shortcodes::checkout()
#14 [internal function]: do_shortcode_tag()
#15 D:\OpenServer\domains\Woo\wp-includes\shortcodes.php(227): preg_replace_callback()
#16 D:\OpenServer\domains\Woo\wp-includes\class-wp-hook.php(308): do_shortcode()
#17 D:\OpenServer\domains\Woo\wp-includes\plugin.php(205): WP_Hook->apply_filters()
#18 D:\OpenServer\domains\Woo\wp-includes\post-template.php(255): apply_filters()
#19 D:\OpenServer\domains\Woo\wp-content\themes\neve\inc\views\page_layout.php(29): the_content()
#20 D:\OpenServer\domains\Woo\wp-includes\class-wp-hook.php(308): Neve\Views\Page_Layout->render_page()
#21 D:\OpenServer\domains\Woo\wp-includes\class-wp-hook.php(332): WP_Hook->apply_filters()
#22 D:\OpenServer\domains\Woo\wp-includes\plugin.php(517): WP_Hook->do_action()
#23 D:\OpenServer\domains\Woo\wp-content\themes\neve\template-parts\content-page.php(9): do_action()
#24 D:\OpenServer\domains\Woo\wp-includes\template.php(785): require('D:\\OpenServer\\d...')
#25 D:\OpenServer\domains\Woo\wp-includes\template.php(718): load_template()
#26 D:\OpenServer\domains\Woo\wp-includes\general-template.php(204): locate_template()
#27 D:\OpenServer\domains\Woo\wp-content\themes\neve\page.php(47): get_template_part()
#28 D:\OpenServer\domains\Woo\wp-includes\template-loader.php(106): include('D:\\OpenServer\\d...')
#29 D:\OpenServer\domains\Woo\wp-blog-header.php(19): require_once('D:\\OpenServer\\d...')
#30 D:\OpenServer\domains\Woo\index.php(17): require('D:\\OpenServer\\d...')
#31 {main}
  thrown in D:\OpenServer\domains\Woo\wp-content\plugins\eduplugin\eduplugin.php on line 144

2023-04-24T15:49:21+00:00 CRITICAL Uncaught Error: Call to undefined method WC_Shipping_Zones::get_zone_by_instance_id() in D:\OpenServer\domains\Woo\wp-content\plugins\eduplugin\eduplugin.php:144
Stack trace:
#0 D:\OpenServer\domains\Woo\wp-includes\class-wp-hook.php(308): custom_shipping_fee()
#1 D:\OpenServer\domains\Woo\wp-includes\class-wp-hook.php(332): WP_Hook->apply_filters()
#2 D:\OpenServer\domains\Woo\wp-includes\plugin.php(517): WP_Hook->do_action()
#3 D:\OpenServer\domains\Woo\wp-content\plugins\woocommerce\includes\class-wc-cart.php(1888): do_action()
#4 D:\OpenServer\domains\Woo\wp-content\plugins\woocommerce\includes\class-wc-cart-totals.php(272): WC_Cart->calculate_fees()
#5 D:\OpenServer\domains\Woo\wp-content\plugins\woocommerce\includes\class-wc-cart-totals.php(833): WC_Cart_Totals->get_fees_from_cart()
#6 D:\OpenServer\domains\Woo\wp-content\plugins\woocommerce\includes\class-wc-cart-totals.php(145): WC_Cart_Totals->calculate_fee_totals()
#7 D:\OpenServer\domains\Woo\wp-content\plugins\woocommerce\includes\class-wc-cart-totals.php(134): WC_Cart_Totals->calculate()
#8 D:\OpenServer\domains\Woo\wp-content\plugins\woocommerce\includes\class-wc-cart.php(1401): WC_Cart_Totals->__construct()
#9 D:\OpenServer\domains\Woo\wp-content\plugins\woocommerce\includes\shortcodes\class-wc-shortcode-checkout.php(298): WC_Cart->calculate_totals()
#10 D:\OpenServer\domains\Woo\wp-content\plugins\woocommerce\includes\shortcodes\class-wc-shortcode-checkout.php(67): WC_Shortcode_Checkout::checkout()
#11 D:\OpenServer\domains\Woo\wp-content\plugins\woocommerce\includes\class-wc-shortcodes.php(72): WC_Shortcode_Checkout::output()
#12 D:\OpenServer\domains\Woo\wp-content\plugins\woocommerce\includes\class-wc-shortcodes.php(95): WC_Shortcodes::shortcode_wrapper()
#13 D:\OpenServer\domains\Woo\wp-includes\shortcodes.php(355): WC_Shortcodes::checkout()
#14 [internal function]: do_shortcode_tag()
#15 D:\OpenServer\domains\Woo\wp-includes\shortcodes.php(227): preg_replace_callback()
#16 D:\OpenServer\domains\Woo\wp-includes\class-wp-hook.php(308): do_shortcode()
#17 D:\OpenServer\domains\Woo\wp-includes\plugin.php(205): WP_Hook->apply_filters()
#18 D:\OpenServer\domains\Woo\wp-includes\post-template.php(255): apply_filters()
#19 D:\OpenServer\domains\Woo\wp-content\themes\neve\inc\views\page_layout.php(29): the_content()
#20 D:\OpenServer\domains\Woo\wp-includes\class-wp-hook.php(308): Neve\Views\Page_Layout->render_page()
#21 D:\OpenServer\domains\Woo\wp-includes\class-wp-hook.php(332): WP_Hook->apply_filters()
#22 D:\OpenServer\domains\Woo\wp-includes\plugin.php(517): WP_Hook->do_action()
#23 D:\OpenServer\domains\Woo\wp-content\themes\neve\template-parts\content-page.php(9): do_action()
#24 D:\OpenServer\domains\Woo\wp-includes\template.php(785): require('D:\\OpenServer\\d...')
#25 D:\OpenServer\domains\Woo\wp-includes\template.php(718): load_template()
#26 D:\OpenServer\domains\Woo\wp-includes\general-template.php(204): locate_template()
#27 D:\OpenServer\domains\Woo\wp-content\themes\neve\page.php(47): get_template_part()
#28 D:\OpenServer\domains\Woo\wp-includes\template-loader.php(106): include('D:\\OpenServer\\d...')
#29 D:\OpenServer\domains\Woo\wp-blog-header.php(19): require_once('D:\\OpenServer\\d...')
#30 D:\OpenServer\domains\Woo\index.php(17): require('D:\\OpenServer\\d...')
#31 {main}
  thrown in D:\OpenServer\domains\Woo\wp-content\plugins\eduplugin\eduplugin.php on line 144

2023-04-24T15:53:35+00:00 CRITICAL Uncaught Error: Call to undefined method WC_Shipping_Zones::get_zone_by_instance_id() in D:\OpenServer\domains\Woo\wp-content\plugins\eduplugin\eduplugin.php:144
Stack trace:
#0 D:\OpenServer\domains\Woo\wp-includes\class-wp-hook.php(308): custom_shipping_fee()
#1 D:\OpenServer\domains\Woo\wp-includes\class-wp-hook.php(332): WP_Hook->apply_filters()
#2 D:\OpenServer\domains\Woo\wp-includes\plugin.php(517): WP_Hook->do_action()
#3 D:\OpenServer\domains\Woo\wp-content\plugins\woocommerce\includes\class-wc-cart.php(1888): do_action()
#4 D:\OpenServer\domains\Woo\wp-content\plugins\woocommerce\includes\class-wc-cart-totals.php(272): WC_Cart->calculate_fees()
#5 D:\OpenServer\domains\Woo\wp-content\plugins\woocommerce\includes\class-wc-cart-totals.php(833): WC_Cart_Totals->get_fees_from_cart()
#6 D:\OpenServer\domains\Woo\wp-content\plugins\woocommerce\includes\class-wc-cart-totals.php(145): WC_Cart_Totals->calculate_fee_totals()
#7 D:\OpenServer\domains\Woo\wp-content\plugins\woocommerce\includes\class-wc-cart-totals.php(134): WC_Cart_Totals->calculate()
#8 D:\OpenServer\domains\Woo\wp-content\plugins\woocommerce\includes\class-wc-cart.php(1401): WC_Cart_Totals->__construct()
#9 D:\OpenServer\domains\Woo\wp-content\plugins\woocommerce\includes\shortcodes\class-wc-shortcode-checkout.php(298): WC_Cart->calculate_totals()
#10 D:\OpenServer\domains\Woo\wp-content\plugins\woocommerce\includes\shortcodes\class-wc-shortcode-checkout.php(67): WC_Shortcode_Checkout::checkout()
#11 D:\OpenServer\domains\Woo\wp-content\plugins\woocommerce\includes\class-wc-shortcodes.php(72): WC_Shortcode_Checkout::output()
#12 D:\OpenServer\domains\Woo\wp-content\plugins\woocommerce\includes\class-wc-shortcodes.php(95): WC_Shortcodes::shortcode_wrapper()
#13 D:\OpenServer\domains\Woo\wp-includes\shortcodes.php(355): WC_Shortcodes::checkout()
#14 [internal function]: do_shortcode_tag()
#15 D:\OpenServer\domains\Woo\wp-includes\shortcodes.php(227): preg_replace_callback()
#16 D:\OpenServer\domains\Woo\wp-includes\class-wp-hook.php(308): do_shortcode()
#17 D:\OpenServer\domains\Woo\wp-includes\plugin.php(205): WP_Hook->apply_filters()
#18 D:\OpenServer\domains\Woo\wp-includes\post-template.php(255): apply_filters()
#19 D:\OpenServer\domains\Woo\wp-content\themes\neve\inc\views\page_layout.php(29): the_content()
#20 D:\OpenServer\domains\Woo\wp-includes\class-wp-hook.php(308): Neve\Views\Page_Layout->render_page()
#21 D:\OpenServer\domains\Woo\wp-includes\class-wp-hook.php(332): WP_Hook->apply_filters()
#22 D:\OpenServer\domains\Woo\wp-includes\plugin.php(517): WP_Hook->do_action()
#23 D:\OpenServer\domains\Woo\wp-content\themes\neve\template-parts\content-page.php(9): do_action()
#24 D:\OpenServer\domains\Woo\wp-includes\template.php(785): require('D:\\OpenServer\\d...')
#25 D:\OpenServer\domains\Woo\wp-includes\template.php(718): load_template()
#26 D:\OpenServer\domains\Woo\wp-includes\general-template.php(204): locate_template()
#27 D:\OpenServer\domains\Woo\wp-content\themes\neve\page.php(47): get_template_part()
#28 D:\OpenServer\domains\Woo\wp-includes\template-loader.php(106): include('D:\\OpenServer\\d...')
#29 D:\OpenServer\domains\Woo\wp-blog-header.php(19): require_once('D:\\OpenServer\\d...')
#30 D:\OpenServer\domains\Woo\index.php(17): require('D:\\OpenServer\\d...')
#31 {main}
  thrown in D:\OpenServer\domains\Woo\wp-content\plugins\eduplugin\eduplugin.php on line 144

