2023-04-21T12:03:02+00:00 CRITICAL Uncaught Error: Call to undefined function wc_get_shipping_zones() in D:\OpenServer\domains\Woo\wp-content\plugins\eduplugin\eduplugin.php:102
Stack trace:
#0 D:\OpenServer\domains\Woo\wp-includes\class-wp-hook.php(308): custom_override_checkout_fields()
#1 D:\OpenServer\domains\Woo\wp-includes\plugin.php(205): WP_Hook->apply_filters()
#2 D:\OpenServer\domains\Woo\wp-content\plugins\woocommerce\includes\class-wc-checkout.php(300): apply_filters()
#3 D:\OpenServer\domains\Woo\wp-content\plugins\woocommerce\templates\checkout\form-checkout.php(34): WC_Checkout->get_checkout_fields()
#4 D:\OpenServer\domains\Woo\wp-content\plugins\woocommerce\includes\wc-core-functions.php(345): include('D:\\OpenServer\\d...')
#5 D:\OpenServer\domains\Woo\wp-content\plugins\woocommerce\includes\shortcodes\class-wc-shortcode-checkout.php(316): wc_get_template()
#6 D:\OpenServer\domains\Woo\wp-content\plugins\woocommerce\includes\shortcodes\class-wc-shortcode-checkout.php(67): WC_Shortcode_Checkout::checkout()
#7 D:\OpenServer\domains\Woo\wp-content\plugins\woocommerce\includes\class-wc-shortcodes.php(72): WC_Shortcode_Checkout::output()
#8 D:\OpenServer\domains\Woo\wp-content\plugins\woocommerce\includes\class-wc-shortcodes.php(95): WC_Shortcodes::shortcode_wrapper()
#9 D:\OpenServer\domains\Woo\wp-includes\shortcodes.php(355): WC_Shortcodes::checkout()
#10 [internal function]: do_shortcode_tag()
#11 D:\OpenServer\domains\Woo\wp-includes\shortcodes.php(227): preg_replace_callback()
#12 D:\OpenServer\domains\Woo\wp-includes\class-wp-hook.php(308): do_shortcode()
#13 D:\OpenServer\domains\Woo\wp-includes\plugin.php(205): WP_Hook->apply_filters()
#14 D:\OpenServer\domains\Woo\wp-includes\post-template.php(255): apply_filters()
#15 D:\OpenServer\domains\Woo\wp-content\themes\neve\inc\views\page_layout.php(29): the_content()
#16 D:\OpenServer\domains\Woo\wp-includes\class-wp-hook.php(308): Neve\Views\Page_Layout->render_page()
#17 D:\OpenServer\domains\Woo\wp-includes\class-wp-hook.php(332): WP_Hook->apply_filters()
#18 D:\OpenServer\domains\Woo\wp-includes\plugin.php(517): WP_Hook->do_action()
#19 D:\OpenServer\domains\Woo\wp-content\themes\neve\template-parts\content-page.php(9): do_action()
#20 D:\OpenServer\domains\Woo\wp-includes\template.php(785): require('D:\\OpenServer\\d...')
#21 D:\OpenServer\domains\Woo\wp-includes\template.php(718): load_template()
#22 D:\OpenServer\domains\Woo\wp-includes\general-template.php(204): locate_template()
#23 D:\OpenServer\domains\Woo\wp-content\themes\neve\page.php(47): get_template_part()
#24 D:\OpenServer\domains\Woo\wp-includes\template-loader.php(106): include('D:\\OpenServer\\d...')
#25 D:\OpenServer\domains\Woo\wp-blog-header.php(19): require_once('D:\\OpenServer\\d...')
#26 D:\OpenServer\domains\Woo\index.php(17): require('D:\\OpenServer\\d...')
#27 {main}
  thrown in D:\OpenServer\domains\Woo\wp-content\plugins\eduplugin\eduplugin.php on line 102

